<?xml version="1.0" encoding="UTF-8"?>
<testng-results skipped="1" failed="0" total="1" passed="0">
  <reporter-output>
  </reporter-output>
  <suite name="CharterRetailFramework" duration-ms="154298" started-at="2017-07-08T07:16:26Z" finished-at="2017-07-08T07:19:01Z">
    <groups>
    </groups>
    <test name="HSD Order" duration-ms="154298" started-at="2017-07-08T07:16:26Z" finished-at="2017-07-08T07:19:01Z">
      <class name="com.org.charter.testcases.TestCase_SubmitHSDOnlyOrder">
        <test-method status="PASS" signature="launchBrowser(java.lang.String)[pri:0, instance:com.org.charter.testcases.TestCase_SubmitHSDOnlyOrder@21a06946]" name="launchBrowser" is-config="true" duration-ms="153863" started-at="2017-07-08T12:46:26Z" finished-at="2017-07-08T12:49:00Z">
          <params>
            <param index="0">
              <value>
                <![CDATA[firefox]]>
              </value>
            </param>
          </params>
          <reporter-output>
          </reporter-output>
        </test-method> <!-- launchBrowser -->
        <test-method status="FAIL" signature="TestRunMode()[pri:0, instance:com.org.charter.testcases.TestCase_SubmitHSDOnlyOrder@21a06946]" name="TestRunMode" is-config="true" duration-ms="0" started-at="2017-07-08T12:49:00Z" finished-at="2017-07-08T12:49:00Z">
          <exception class="java.lang.NullPointerException">
            <full-stacktrace>
              <![CDATA[java.lang.NullPointerException
	at com.org.charter.utilities.ExcelReader.GetRowNumber(ExcelReader.java:75)
	at com.org.charter.testcases.TestCase_SubmitHSDOnlyOrder.TestRunMode(TestCase_SubmitHSDOnlyOrder.java:50)
	at sun.reflect.NativeMethodAccessorImpl.invoke0(Native Method)
	at sun.reflect.NativeMethodAccessorImpl.invoke(NativeMethodAccessorImpl.java:62)
	at sun.reflect.DelegatingMethodAccessorImpl.invoke(DelegatingMethodAccessorImpl.java:43)
	at java.lang.reflect.Method.invoke(Method.java:498)
	at org.testng.internal.MethodInvocationHelper.invokeMethod(MethodInvocationHelper.java:84)
	at org.testng.internal.Invoker.invokeConfigurationMethod(Invoker.java:564)
	at org.testng.internal.Invoker.invokeConfigurations(Invoker.java:213)
	at org.testng.internal.Invoker.invokeMethod(Invoker.java:653)
	at org.testng.internal.Invoker.invokeTestMethod(Invoker.java:901)
	at org.testng.internal.Invoker.invokeTestMethods(Invoker.java:1231)
	at org.testng.internal.TestMethodWorker.invokeTestMethods(TestMethodWorker.java:127)
	at org.testng.internal.TestMethodWorker.run(TestMethodWorker.java:111)
	at org.testng.TestRunner.privateRun(TestRunner.java:767)
	at org.testng.TestRunner.run(TestRunner.java:617)
	at org.testng.SuiteRunner.runTest(SuiteRunner.java:334)
	at org.testng.SuiteRunner.runSequentially(SuiteRunner.java:329)
	at org.testng.SuiteRunner.privateRun(SuiteRunner.java:291)
	at org.testng.SuiteRunner.run(SuiteRunner.java:240)
	at org.testng.SuiteRunnerWorker.runSuite(SuiteRunnerWorker.java:52)
	at org.testng.SuiteRunnerWorker.run(SuiteRunnerWorker.java:86)
	at org.testng.TestNG.runSuitesSequentially(TestNG.java:1224)
	at org.testng.TestNG.runSuitesLocally(TestNG.java:1149)
	at org.testng.TestNG.run(TestNG.java:1057)
	at org.testng.TestNG.privateMain(TestNG.java:1364)
	at org.testng.TestNG.main(TestNG.java:1333)
]]>
            </full-stacktrace>
          </exception> <!-- java.lang.NullPointerException -->
          <reporter-output>
          </reporter-output>
        </test-method> <!-- TestRunMode -->
        <test-method status="SKIP" signature="writeTestCaseStatus()[pri:0, instance:com.org.charter.testcases.TestCase_SubmitHSDOnlyOrder@21a06946]" name="writeTestCaseStatus" is-config="true" duration-ms="0" started-at="2017-07-08T12:49:01Z" finished-at="2017-07-08T12:49:01Z">
          <reporter-output>
          </reporter-output>
        </test-method> <!-- writeTestCaseStatus -->
        <test-method status="SKIP" signature="tearDown()[pri:0, instance:com.org.charter.testcases.TestCase_SubmitHSDOnlyOrder@21a06946]" name="tearDown" is-config="true" duration-ms="0" started-at="2017-07-08T12:49:01Z" finished-at="2017-07-08T12:49:01Z">
          <reporter-output>
          </reporter-output>
        </test-method> <!-- tearDown -->
        <test-method status="SKIP" signature="TestSubmitHSDOrder()[pri:0, instance:com.org.charter.testcases.TestCase_SubmitHSDOnlyOrder@21a06946]" name="TestSubmitHSDOrder" duration-ms="0" started-at="2017-07-08T12:49:01Z" finished-at="2017-07-08T12:49:01Z">
          <reporter-output>
          </reporter-output>
        </test-method> <!-- TestSubmitHSDOrder -->
      </class> <!-- com.org.charter.testcases.TestCase_SubmitHSDOnlyOrder -->
    </test> <!-- HSD Order -->
  </suite> <!-- CharterRetailFramework -->
</testng-results>
