<?xml version="1.0" encoding="UTF-8"?>
<!-- Generated by org.testng.reporters.JUnitXMLReporter -->
<testsuite hostname="DESKTOP-M50UBI2" name="HSD Order" tests="1" failures="0" timestamp="8 Jul 2017 07:19:01 GMT" time="154.298" errors="0">
  <testcase name="@BeforeMethod TestRunMode" time="0.0" classname="com.org.charter.testcases.TestCase_SubmitHSDOnlyOrder">
    <failure type="java.lang.NullPointerException">
      <![CDATA[java.lang.NullPointerException
	at com.org.charter.utilities.ExcelReader.GetRowNumber(ExcelReader.java:75)
	at com.org.charter.testcases.TestCase_SubmitHSDOnlyOrder.TestRunMode(TestCase_SubmitHSDOnlyOrder.java:50)
... Removed 25 stack frames]]>
    </failure>
  </testcase> <!-- @BeforeMethod TestRunMode -->
  <testcase name="@AfterMethod writeTestCaseStatus" time="0.0" classname="com.org.charter.testcases.TestCase_SubmitHSDOnlyOrder">
    <skipped/>
  </testcase> <!-- @AfterMethod writeTestCaseStatus -->
  <testcase name="@AfterTest tearDown" time="0.0" classname="com.org.charter.testcases.TestCase_SubmitHSDOnlyOrder">
    <skipped/>
  </testcase> <!-- @AfterTest tearDown -->
  <testcase name="TestSubmitHSDOrder" time="0.0" classname="com.org.charter.testcases.TestCase_SubmitHSDOnlyOrder">
    <skipped/>
  </testcase> <!-- TestSubmitHSDOrder -->
</testsuite> <!-- HSD Order -->
